2022.11.08 12:18:42 INFO  tracing is disabled for protocol LSP, to enable tracing of incoming and outgoing JSON messages create an empty file at /home/axel/riscv-tests/.metals/lsp.trace.json or /home/axel/.cache/metals/lsp.trace.json
2022.11.08 12:18:42 INFO  logging to file /home/axel/riscv-tests/.metals/metals.log
2022.11.08 12:18:42 INFO  Started: Metals version 0.11.9 in workspace '/home/axel/riscv-tests' for client Visual Studio Code 1.73.0.
2022.11.08 12:18:43 INFO  time: initialize in 0.85s
2022.11.08 12:18:44 WARN  Build server is not auto-connectable.
2022.11.08 12:18:44 WARN  no build tool detected in workspace '/home/axel/riscv-tests'. The most common cause for this problem is that the editor was opened in the wrong working directory, for example if you use sbt then the workspace directory should contain build.sbt. 
2022.11.08 12:18:44 WARN  no build target for: /home/axel/chipyard/generators/monitoring/src/main/scala/MsgCounter.scala
2022.11.08 12:18:47 INFO  no build target found for /home/axel/chipyard/generators/monitoring/src/main/scala/MsgCounter.scala. Using presentation compiler with project's scala-library version: 3.2.0
2022.11.08 12:18:48 INFO  time: code lens generation in 3.1s
2022.11.08 12:56:33 INFO  shutting down Metals
2022.11.08 14:47:47 INFO  tracing is disabled for protocol LSP, to enable tracing of incoming and outgoing JSON messages create an empty file at /home/axel/riscv-tests/.metals/lsp.trace.json or /home/axel/.cache/metals/lsp.trace.json
2022.11.08 14:47:47 INFO  logging to file /home/axel/riscv-tests/.metals/metals.log
2022.11.08 14:47:47 INFO  Started: Metals version 0.11.9 in workspace '/home/axel/riscv-tests' for client Visual Studio Code 1.73.0.
2022.11.08 14:47:48 INFO  time: initialize in 0.9s
2022.11.08 14:47:49 WARN  Build server is not auto-connectable.
2022.11.08 14:47:49 WARN  no build tool detected in workspace '/home/axel/riscv-tests'. The most common cause for this problem is that the editor was opened in the wrong working directory, for example if you use sbt then the workspace directory should contain build.sbt. 
2022.11.08 14:47:49 WARN  no build target for: /home/axel/chipyard/generators/monitoring/src/main/scala/MsgCounter.scala
2022.11.08 14:47:52 INFO  no build target found for /home/axel/chipyard/generators/monitoring/src/main/scala/MsgCounter.scala. Using presentation compiler with project's scala-library version: 3.2.0
2022.11.08 14:47:53 INFO  time: code lens generation in 3.46s
2022.11.08 17:53:00 INFO  shutting down Metals
2022.11.09 11:46:53 INFO  tracing is disabled for protocol LSP, to enable tracing of incoming and outgoing JSON messages create an empty file at /home/axel/riscv-tests/.metals/lsp.trace.json or /home/axel/.cache/metals/lsp.trace.json
2022.11.09 11:46:54 INFO  logging to file /home/axel/riscv-tests/.metals/metals.log
2022.11.09 11:46:54 INFO  Started: Metals version 0.11.9 in workspace '/home/axel/riscv-tests' for client Visual Studio Code 1.73.0.
2022.11.09 11:46:54 INFO  time: initialize in 0.83s
2022.11.09 11:46:56 WARN  Build server is not auto-connectable.
2022.11.09 11:46:56 WARN  no build tool detected in workspace '/home/axel/riscv-tests'. The most common cause for this problem is that the editor was opened in the wrong working directory, for example if you use sbt then the workspace directory should contain build.sbt. 
2022.11.09 11:46:56 WARN  no build target for: /home/axel/chipyard/generators/monitoring/src/main/scala/MsgCounter.scala
2022.11.09 11:46:58 INFO  no build target found for /home/axel/chipyard/generators/monitoring/src/main/scala/MsgCounter.scala. Using presentation compiler with project's scala-library version: 3.2.0
2022.11.09 12:46:48 INFO  shutting down Metals
2022.11.09 17:35:16 INFO  tracing is disabled for protocol LSP, to enable tracing of incoming and outgoing JSON messages create an empty file at /home/axel/riscv-tests/.metals/lsp.trace.json or /home/axel/.cache/metals/lsp.trace.json
2022.11.09 17:35:16 INFO  logging to file /home/axel/riscv-tests/.metals/metals.log
2022.11.09 17:35:16 INFO  Started: Metals version 0.11.9 in workspace '/home/axel/riscv-tests' for client Visual Studio Code 1.73.0.
2022.11.09 17:35:17 INFO  time: initialize in 0.84s
2022.11.09 17:35:18 WARN  Build server is not auto-connectable.
2022.11.09 17:35:18 WARN  no build tool detected in workspace '/home/axel/riscv-tests'. The most common cause for this problem is that the editor was opened in the wrong working directory, for example if you use sbt then the workspace directory should contain build.sbt. 
2022.11.09 17:35:18 WARN  no build target for: /home/axel/chipyard/generators/customtop/src/main/scala/Configs.scala
2022.11.09 17:35:21 INFO  no build target found for /home/axel/chipyard/generators/customtop/src/main/scala/Configs.scala. Using presentation compiler with project's scala-library version: 3.2.0
2022.11.09 17:35:22 INFO  time: code lens generation in 3.67s
2022.11.09 17:35:54 WARN  no build target for: /home/axel/chipyard/generators/customtop/src/main/scala/Configs.scala
2022.11.09 17:35:55 WARN  no build target for: /home/axel/chipyard/generators/customtop/src/main/scala/Configs.scala
2022.11.09 17:35:57 WARN  no build target for: /home/axel/chipyard/generators/customtop/src/main/scala/Configs.scala
2022.11.09 17:36:43 WARN  no build target for: /home/axel/chipyard/generators/monitoring/src/main/scala/LinkMonitor.scala
2022.11.09 17:37:26 WARN  no build target for: /home/axel/chipyard/generators/customtop/src/main/scala/Configs.scala
2022.11.09 17:37:30 WARN  no build target for: /home/axel/chipyard/generators/customtop/src/main/scala/Configs.scala
2022.11.09 17:37:31 WARN  no build target for: /home/axel/chipyard/generators/customtop/src/main/scala/Configs.scala
2022.11.09 17:37:32 WARN  no build target for: /home/axel/chipyard/generators/customtop/src/main/scala/Configs.scala
2022.11.09 17:37:33 WARN  no build target for: /home/axel/chipyard/generators/customtop/src/main/scala/Configs.scala
2022.11.09 18:39:21 WARN  no build target for: /home/axel/chipyard/generators/monitoring/src/main/scala/MsgCounter.scala
2022.11.09 18:39:43 WARN  no build target for: /home/axel/chipyard/generators/monitoring/src/main/scala/MsgCounter.scala
2022.11.09 18:39:47 WARN  no build target for: /home/axel/chipyard/generators/monitoring/src/main/scala/MsgCounter.scala
2022.11.09 18:39:47 WARN  no build target for: /home/axel/chipyard/generators/monitoring/src/main/scala/MsgCounter.scala
2022.11.09 18:40:01 WARN  no build target for: /home/axel/chipyard/generators/monitoring/src/main/scala/MsgCounter.scala
2022.11.09 19:19:21 WARN  no build target for: /home/axel/chipyard/generators/monitoring/src/main/scala/MsgLogger.scala
Nov 09, 2022 7:19:21 PM org.eclipse.lsp4j.jsonrpc.RemoteEndpoint handleCancellation
WARNING: Unmatched cancel notification for request id 171
2022.11.09 19:19:55 WARN  no build target for: /home/axel/chipyard/generators/monitoring/src/main/scala/MsgLogger.scala
2022.11.09 19:19:57 WARN  no build target for: /home/axel/chipyard/generators/monitoring/src/main/scala/MsgLogger.scala
2022.11.09 19:19:58 WARN  no build target for: /home/axel/chipyard/generators/monitoring/src/main/scala/MsgLogger.scala
2022.11.09 19:19:59 WARN  no build target for: /home/axel/chipyard/generators/monitoring/src/main/scala/MsgLogger.scala
2022.11.09 19:20:01 WARN  no build target for: /home/axel/chipyard/generators/monitoring/src/main/scala/MsgLogger.scala
2022.11.09 19:53:13 WARN  no build target for: /home/axel/chipyard/generators/monitoring/src/main/scala/MsgCounter.scala
2022.11.09 19:53:15 WARN  no build target for: /home/axel/chipyard/generators/monitoring/src/main/scala/MsgCounter.scala
2022.11.09 19:53:15 WARN  no build target for: /home/axel/chipyard/generators/monitoring/src/main/scala/MsgCounter.scala
2022.11.09 19:53:15 WARN  no build target for: /home/axel/chipyard/generators/monitoring/src/main/scala/MsgCounter.scala
2022.11.09 19:53:15 WARN  no build target for: /home/axel/chipyard/generators/monitoring/src/main/scala/MsgCounter.scala
2022.11.09 19:53:15 WARN  no build target for: /home/axel/chipyard/generators/monitoring/src/main/scala/MsgCounter.scala
2022.11.09 19:53:18 WARN  no build target for: /home/axel/chipyard/generators/monitoring/src/main/scala/MsgCounter.scala
2022.11.09 19:53:18 WARN  no build target for: /home/axel/chipyard/generators/monitoring/src/main/scala/MsgCounter.scala
2022.11.09 19:53:18 WARN  no build target for: /home/axel/chipyard/generators/monitoring/src/main/scala/MsgCounter.scala
2022.11.09 19:53:18 WARN  no build target for: /home/axel/chipyard/generators/monitoring/src/main/scala/MsgCounter.scala
2022.11.09 19:53:19 WARN  no build target for: /home/axel/chipyard/generators/monitoring/src/main/scala/MsgCounter.scala
2022.11.09 19:53:19 WARN  no build target for: /home/axel/chipyard/generators/monitoring/src/main/scala/MsgCounter.scala
2022.11.09 19:53:18 WARN  no build target for: /home/axel/chipyard/generators/monitoring/src/main/scala/MsgCounter.scala
2022.11.09 19:53:19 WARN  no build target for: /home/axel/chipyard/generators/monitoring/src/main/scala/MsgCounter.scala
2022.11.09 19:53:19 WARN  no build target for: /home/axel/chipyard/generators/monitoring/src/main/scala/MsgCounter.scala
2022.11.09 19:53:19 WARN  no build target for: /home/axel/chipyard/generators/monitoring/src/main/scala/MsgCounter.scala
2022.11.09 19:53:18 WARN  no build target for: /home/axel/chipyard/generators/monitoring/src/main/scala/MsgCounter.scala
2022.11.09 19:53:19 WARN  no build target for: /home/axel/chipyard/generators/monitoring/src/main/scala/MsgCounter.scala
2022.11.09 19:53:18 WARN  no build target for: /home/axel/chipyard/generators/monitoring/src/main/scala/MsgCounter.scala
2022.11.09 19:53:19 WARN  no build target for: /home/axel/chipyard/generators/monitoring/src/main/scala/MsgCounter.scala
2022.11.09 19:53:19 WARN  no build target for: /home/axel/chipyard/generators/monitoring/src/main/scala/MsgCounter.scala
2022.11.09 19:53:18 WARN  no build target for: /home/axel/chipyard/generators/monitoring/src/main/scala/MsgCounter.scala
2022.11.09 19:53:18 WARN  no build target for: /home/axel/chipyard/generators/monitoring/src/main/scala/MsgCounter.scala
2022.11.09 19:53:18 WARN  no build target for: /home/axel/chipyard/generators/monitoring/src/main/scala/MsgCounter.scala
2022.11.09 19:53:19 WARN  no build target for: /home/axel/chipyard/generators/monitoring/src/main/scala/MsgCounter.scala
2022.11.09 19:53:19 WARN  no build target for: /home/axel/chipyard/generators/monitoring/src/main/scala/MsgCounter.scala
2022.11.09 19:53:19 WARN  no build target for: /home/axel/chipyard/generators/monitoring/src/main/scala/MsgCounter.scala
2022.11.09 19:53:19 WARN  no build target for: /home/axel/chipyard/generators/monitoring/src/main/scala/MsgCounter.scala
2022.11.09 19:53:19 WARN  no build target for: /home/axel/chipyard/generators/monitoring/src/main/scala/MsgCounter.scala
2022.11.09 19:53:18 WARN  no build target for: /home/axel/chipyard/generators/monitoring/src/main/scala/MsgCounter.scala
2022.11.09 19:53:19 WARN  no build target for: /home/axel/chipyard/generators/monitoring/src/main/scala/MsgCounter.scala
2022.11.09 19:53:19 WARN  no build target for: /home/axel/chipyard/generators/monitoring/src/main/scala/MsgCounter.scala
2022.11.09 19:53:19 WARN  no build target for: /home/axel/chipyard/generators/monitoring/src/main/scala/MsgCounter.scala
2022.11.09 19:53:18 WARN  no build target for: /home/axel/chipyard/generators/monitoring/src/main/scala/MsgCounter.scala
2022.11.09 19:53:19 WARN  no build target for: /home/axel/chipyard/generators/monitoring/src/main/scala/MsgCounter.scala
2022.11.09 19:53:18 WARN  no build target for: /home/axel/chipyard/generators/monitoring/src/main/scala/MsgCounter.scala
2022.11.09 19:53:19 WARN  no build target for: /home/axel/chipyard/generators/monitoring/src/main/scala/MsgCounter.scala
2022.11.09 19:53:19 WARN  no build target for: /home/axel/chipyard/generators/monitoring/src/main/scala/MsgCounter.scala
2022.11.09 19:53:19 WARN  no build target for: /home/axel/chipyard/generators/monitoring/src/main/scala/MsgCounter.scala
2022.11.09 19:53:19 WARN  no build target for: /home/axel/chipyard/generators/monitoring/src/main/scala/MsgCounter.scala
2022.11.09 19:53:20 WARN  no build target for: /home/axel/chipyard/generators/monitoring/src/main/scala/MsgCounter.scala
2022.11.09 19:53:19 WARN  no build target for: /home/axel/chipyard/generators/monitoring/src/main/scala/MsgCounter.scala
2022.11.09 19:53:20 WARN  no build target for: /home/axel/chipyard/generators/monitoring/src/main/scala/MsgCounter.scala
2022.11.09 19:53:19 WARN  no build target for: /home/axel/chipyard/generators/monitoring/src/main/scala/MsgCounter.scala
2022.11.09 19:53:19 WARN  no build target for: /home/axel/chipyard/generators/monitoring/src/main/scala/MsgCounter.scala
2022.11.09 19:53:19 WARN  no build target for: /home/axel/chipyard/generators/monitoring/src/main/scala/MsgCounter.scala
2022.11.09 19:53:20 WARN  no build target for: /home/axel/chipyard/generators/monitoring/src/main/scala/MsgCounter.scala
2022.11.09 19:53:20 WARN  no build target for: /home/axel/chipyard/generators/monitoring/src/main/scala/MsgCounter.scala
2022.11.09 19:53:20 WARN  no build target for: /home/axel/chipyard/generators/monitoring/src/main/scala/MsgCounter.scala
2022.11.09 19:53:20 WARN  no build target for: /home/axel/chipyard/generators/monitoring/src/main/scala/MsgCounter.scala
2022.11.09 19:53:20 WARN  no build target for: /home/axel/chipyard/generators/monitoring/src/main/scala/MsgCounter.scala
2022.11.09 19:53:19 WARN  no build target for: /home/axel/chipyard/generators/monitoring/src/main/scala/MsgCounter.scala
2022.11.09 19:53:20 WARN  no build target for: /home/axel/chipyard/generators/monitoring/src/main/scala/MsgCounter.scala
2022.11.09 19:53:20 WARN  no build target for: /home/axel/chipyard/generators/monitoring/src/main/scala/MsgCounter.scala
2022.11.09 19:53:20 WARN  no build target for: /home/axel/chipyard/generators/monitoring/src/main/scala/MsgCounter.scala
2022.11.09 19:53:20 WARN  no build target for: /home/axel/chipyard/generators/monitoring/src/main/scala/MsgCounter.scala
2022.11.09 19:53:20 WARN  no build target for: /home/axel/chipyard/generators/monitoring/src/main/scala/MsgCounter.scala
2022.11.09 19:53:20 WARN  no build target for: /home/axel/chipyard/generators/monitoring/src/main/scala/MsgCounter.scala
2022.11.09 19:53:20 WARN  no build target for: /home/axel/chipyard/generators/monitoring/src/main/scala/MsgCounter.scala
2022.11.09 19:53:20 WARN  no build target for: /home/axel/chipyard/generators/monitoring/src/main/scala/MsgCounter.scala
2022.11.09 19:53:20 WARN  no build target for: /home/axel/chipyard/generators/monitoring/src/main/scala/MsgCounter.scala
2022.11.09 19:53:20 WARN  no build target for: /home/axel/chipyard/generators/monitoring/src/main/scala/MsgCounter.scala
2022.11.09 19:53:20 WARN  no build target for: /home/axel/chipyard/generators/monitoring/src/main/scala/MsgCounter.scala
2022.11.09 19:53:20 WARN  no build target for: /home/axel/chipyard/generators/monitoring/src/main/scala/MsgCounter.scala
2022.11.09 19:53:20 WARN  no build target for: /home/axel/chipyard/generators/monitoring/src/main/scala/MsgCounter.scala
2022.11.09 19:53:20 WARN  no build target for: /home/axel/chipyard/generators/monitoring/src/main/scala/MsgCounter.scala
2022.11.09 19:53:20 WARN  no build target for: /home/axel/chipyard/generators/monitoring/src/main/scala/MsgCounter.scala
2022.11.09 19:53:20 WARN  no build target for: /home/axel/chipyard/generators/monitoring/src/main/scala/MsgCounter.scala
2022.11.09 19:53:20 WARN  no build target for: /home/axel/chipyard/generators/monitoring/src/main/scala/MsgCounter.scala
2022.11.09 19:53:20 WARN  no build target for: /home/axel/chipyard/generators/monitoring/src/main/scala/MsgCounter.scala
2022.11.09 19:53:20 WARN  no build target for: /home/axel/chipyard/generators/monitoring/src/main/scala/MsgCounter.scala
2022.11.09 19:53:20 WARN  no build target for: /home/axel/chipyard/generators/monitoring/src/main/scala/MsgCounter.scala
2022.11.09 19:53:20 WARN  no build target for: /home/axel/chipyard/generators/monitoring/src/main/scala/MsgCounter.scala
2022.11.09 19:53:20 WARN  no build target for: /home/axel/chipyard/generators/monitoring/src/main/scala/MsgCounter.scala
2022.11.09 19:53:20 WARN  no build target for: /home/axel/chipyard/generators/monitoring/src/main/scala/MsgCounter.scala
2022.11.09 19:53:20 WARN  no build target for: /home/axel/chipyard/generators/monitoring/src/main/scala/MsgCounter.scala
2022.11.09 19:53:20 WARN  no build target for: /home/axel/chipyard/generators/monitoring/src/main/scala/MsgCounter.scala
2022.11.09 19:53:20 WARN  no build target for: /home/axel/chipyard/generators/monitoring/src/main/scala/MsgCounter.scala
2022.11.09 19:53:20 WARN  no build target for: /home/axel/chipyard/generators/monitoring/src/main/scala/MsgCounter.scala
2022.11.09 19:53:20 WARN  no build target for: /home/axel/chipyard/generators/monitoring/src/main/scala/MsgCounter.scala
2022.11.09 19:53:20 WARN  no build target for: /home/axel/chipyard/generators/monitoring/src/main/scala/MsgCounter.scala
2022.11.09 19:53:20 WARN  no build target for: /home/axel/chipyard/generators/monitoring/src/main/scala/MsgCounter.scala
2022.11.09 19:53:21 WARN  no build target for: /home/axel/chipyard/generators/monitoring/src/main/scala/MsgCounter.scala
2022.11.09 19:53:20 WARN  no build target for: /home/axel/chipyard/generators/monitoring/src/main/scala/MsgCounter.scala
2022.11.09 19:53:21 WARN  no build target for: /home/axel/chipyard/generators/monitoring/src/main/scala/MsgCounter.scala
2022.11.09 19:53:21 WARN  no build target for: /home/axel/chipyard/generators/monitoring/src/main/scala/MsgCounter.scala
2022.11.09 19:53:20 WARN  no build target for: /home/axel/chipyard/generators/monitoring/src/main/scala/MsgCounter.scala
2022.11.09 19:53:21 WARN  no build target for: /home/axel/chipyard/generators/monitoring/src/main/scala/MsgCounter.scala
2022.11.09 19:53:21 WARN  no build target for: /home/axel/chipyard/generators/monitoring/src/main/scala/MsgCounter.scala
2022.11.09 19:53:21 WARN  no build target for: /home/axel/chipyard/generators/monitoring/src/main/scala/MsgCounter.scala
2022.11.09 19:53:21 WARN  no build target for: /home/axel/chipyard/generators/monitoring/src/main/scala/MsgCounter.scala
2022.11.09 19:53:21 WARN  no build target for: /home/axel/chipyard/generators/monitoring/src/main/scala/MsgCounter.scala
2022.11.09 19:53:20 WARN  no build target for: /home/axel/chipyard/generators/monitoring/src/main/scala/MsgCounter.scala
2022.11.09 19:53:20 WARN  no build target for: /home/axel/chipyard/generators/monitoring/src/main/scala/MsgCounter.scala
2022.11.09 19:53:21 WARN  no build target for: /home/axel/chipyard/generators/monitoring/src/main/scala/MsgCounter.scala
2022.11.09 19:53:21 WARN  no build target for: /home/axel/chipyard/generators/monitoring/src/main/scala/MsgCounter.scala
2022.11.09 19:53:20 WARN  no build target for: /home/axel/chipyard/generators/monitoring/src/main/scala/MsgCounter.scala
2022.11.09 19:53:21 WARN  no build target for: /home/axel/chipyard/generators/monitoring/src/main/scala/MsgCounter.scala
2022.11.09 19:53:21 WARN  no build target for: /home/axel/chipyard/generators/monitoring/src/main/scala/MsgCounter.scala
2022.11.09 19:53:21 WARN  no build target for: /home/axel/chipyard/generators/monitoring/src/main/scala/MsgCounter.scala
2022.11.09 19:53:21 WARN  no build target for: /home/axel/chipyard/generators/monitoring/src/main/scala/MsgCounter.scala
2022.11.09 19:53:21 WARN  no build target for: /home/axel/chipyard/generators/monitoring/src/main/scala/MsgCounter.scala
2022.11.09 19:53:21 WARN  no build target for: /home/axel/chipyard/generators/monitoring/src/main/scala/MsgCounter.scala
2022.11.09 19:53:21 WARN  no build target for: /home/axel/chipyard/generators/monitoring/src/main/scala/MsgCounter.scala
2022.11.09 19:53:21 WARN  no build target for: /home/axel/chipyard/generators/monitoring/src/main/scala/MsgCounter.scala
2022.11.09 19:53:21 WARN  no build target for: /home/axel/chipyard/generators/monitoring/src/main/scala/MsgCounter.scala
2022.11.09 19:53:21 WARN  no build target for: /home/axel/chipyard/generators/monitoring/src/main/scala/MsgCounter.scala
2022.11.09 19:53:21 WARN  no build target for: /home/axel/chipyard/generators/monitoring/src/main/scala/MsgCounter.scala
2022.11.09 19:53:21 WARN  no build target for: /home/axel/chipyard/generators/monitoring/src/main/scala/MsgCounter.scala
2022.11.09 19:53:21 WARN  no build target for: /home/axel/chipyard/generators/monitoring/src/main/scala/MsgCounter.scala
2022.11.09 19:53:21 WARN  no build target for: /home/axel/chipyard/generators/monitoring/src/main/scala/MsgCounter.scala
2022.11.09 19:53:21 WARN  no build target for: /home/axel/chipyard/generators/monitoring/src/main/scala/MsgCounter.scala
2022.11.09 19:53:21 WARN  no build target for: /home/axel/chipyard/generators/monitoring/src/main/scala/MsgCounter.scala
2022.11.09 19:53:21 WARN  no build target for: /home/axel/chipyard/generators/monitoring/src/main/scala/MsgCounter.scala
2022.11.09 19:53:21 WARN  no build target for: /home/axel/chipyard/generators/monitoring/src/main/scala/MsgCounter.scala
2022.11.09 19:53:21 WARN  no build target for: /home/axel/chipyard/generators/monitoring/src/main/scala/MsgCounter.scala
2022.11.09 19:53:22 WARN  no build target for: /home/axel/chipyard/generators/monitoring/src/main/scala/MsgCounter.scala
2022.11.09 19:53:21 WARN  no build target for: /home/axel/chipyard/generators/monitoring/src/main/scala/MsgCounter.scala
2022.11.09 19:53:21 WARN  no build target for: /home/axel/chipyard/generators/monitoring/src/main/scala/MsgCounter.scala
2022.11.09 19:53:21 WARN  no build target for: /home/axel/chipyard/generators/monitoring/src/main/scala/MsgCounter.scala
2022.11.09 19:53:22 WARN  no build target for: /home/axel/chipyard/generators/monitoring/src/main/scala/MsgCounter.scala
2022.11.09 19:53:22 WARN  no build target for: /home/axel/chipyard/generators/monitoring/src/main/scala/MsgCounter.scala
2022.11.09 19:53:22 WARN  no build target for: /home/axel/chipyard/generators/monitoring/src/main/scala/MsgCounter.scala
2022.11.09 19:53:22 WARN  no build target for: /home/axel/chipyard/generators/monitoring/src/main/scala/MsgCounter.scala
2022.11.09 19:53:22 WARN  no build target for: /home/axel/chipyard/generators/monitoring/src/main/scala/MsgCounter.scala
2022.11.09 19:53:22 WARN  no build target for: /home/axel/chipyard/generators/monitoring/src/main/scala/MsgCounter.scala
2022.11.09 19:53:22 WARN  no build target for: /home/axel/chipyard/generators/monitoring/src/main/scala/MsgCounter.scala
2022.11.09 19:53:21 WARN  no build target for: /home/axel/chipyard/generators/monitoring/src/main/scala/MsgCounter.scala
2022.11.09 19:53:22 WARN  no build target for: /home/axel/chipyard/generators/monitoring/src/main/scala/MsgCounter.scala
2022.11.09 19:53:22 WARN  no build target for: /home/axel/chipyard/generators/monitoring/src/main/scala/MsgCounter.scala
2022.11.09 19:53:22 WARN  no build target for: /home/axel/chipyard/generators/monitoring/src/main/scala/MsgCounter.scala
2022.11.09 19:53:22 WARN  no build target for: /home/axel/chipyard/generators/monitoring/src/main/scala/MsgCounter.scala
2022.11.09 19:53:22 WARN  no build target for: /home/axel/chipyard/generators/monitoring/src/main/scala/MsgCounter.scala
2022.11.09 19:53:22 WARN  no build target for: /home/axel/chipyard/generators/monitoring/src/main/scala/MsgCounter.scala
2022.11.09 19:53:22 WARN  no build target for: /home/axel/chipyard/generators/monitoring/src/main/scala/MsgCounter.scala
2022.11.09 19:53:22 WARN  no build target for: /home/axel/chipyard/generators/monitoring/src/main/scala/MsgCounter.scala
2022.11.09 19:53:22 WARN  no build target for: /home/axel/chipyard/generators/monitoring/src/main/scala/MsgCounter.scala
2022.11.09 19:53:22 WARN  no build target for: /home/axel/chipyard/generators/monitoring/src/main/scala/MsgCounter.scala
2022.11.09 19:53:22 WARN  no build target for: /home/axel/chipyard/generators/monitoring/src/main/scala/MsgCounter.scala
2022.11.09 19:53:22 WARN  no build target for: /home/axel/chipyard/generators/monitoring/src/main/scala/MsgCounter.scala
2022.11.09 19:53:23 WARN  no build target for: /home/axel/chipyard/generators/monitoring/src/main/scala/MsgCounter.scala
2022.11.09 19:53:23 WARN  no build target for: /home/axel/chipyard/generators/monitoring/src/main/scala/MsgCounter.scala
2022.11.09 19:53:22 WARN  no build target for: /home/axel/chipyard/generators/monitoring/src/main/scala/MsgCounter.scala
2022.11.09 19:53:22 WARN  no build target for: /home/axel/chipyard/generators/monitoring/src/main/scala/MsgCounter.scala
2022.11.09 19:53:22 WARN  no build target for: /home/axel/chipyard/generators/monitoring/src/main/scala/MsgCounter.scala
2022.11.09 19:53:22 WARN  no build target for: /home/axel/chipyard/generators/monitoring/src/main/scala/MsgCounter.scala
2022.11.09 19:53:23 WARN  no build target for: /home/axel/chipyard/generators/monitoring/src/main/scala/MsgCounter.scala
2022.11.09 19:53:23 WARN  no build target for: /home/axel/chipyard/generators/monitoring/src/main/scala/MsgCounter.scala
2022.11.09 19:53:22 WARN  no build target for: /home/axel/chipyard/generators/monitoring/src/main/scala/MsgCounter.scala
2022.11.09 19:53:23 WARN  no build target for: /home/axel/chipyard/generators/monitoring/src/main/scala/MsgCounter.scala
2022.11.09 19:53:22 WARN  no build target for: /home/axel/chipyard/generators/monitoring/src/main/scala/MsgCounter.scala
2022.11.09 19:53:22 WARN  no build target for: /home/axel/chipyard/generators/monitoring/src/main/scala/MsgCounter.scala
2022.11.09 19:53:22 WARN  no build target for: /home/axel/chipyard/generators/monitoring/src/main/scala/MsgCounter.scala
2022.11.09 19:53:22 WARN  no build target for: /home/axel/chipyard/generators/monitoring/src/main/scala/MsgCounter.scala
2022.11.09 19:53:22 WARN  no build target for: /home/axel/chipyard/generators/monitoring/src/main/scala/MsgCounter.scala
2022.11.09 19:53:23 WARN  no build target for: /home/axel/chipyard/generators/monitoring/src/main/scala/MsgCounter.scala
2022.11.09 19:53:23 WARN  no build target for: /home/axel/chipyard/generators/monitoring/src/main/scala/MsgCounter.scala
2022.11.09 19:53:23 WARN  no build target for: /home/axel/chipyard/generators/monitoring/src/main/scala/MsgCounter.scala
2022.11.09 19:53:23 WARN  no build target for: /home/axel/chipyard/generators/monitoring/src/main/scala/MsgCounter.scala
2022.11.09 19:53:23 WARN  no build target for: /home/axel/chipyard/generators/monitoring/src/main/scala/MsgCounter.scala
2022.11.09 19:53:22 WARN  no build target for: /home/axel/chipyard/generators/monitoring/src/main/scala/MsgCounter.scala
2022.11.09 19:53:22 WARN  no build target for: /home/axel/chipyard/generators/monitoring/src/main/scala/MsgCounter.scala
2022.11.09 19:53:23 WARN  no build target for: /home/axel/chipyard/generators/monitoring/src/main/scala/MsgCounter.scala
2022.11.09 19:53:23 WARN  no build target for: /home/axel/chipyard/generators/monitoring/src/main/scala/MsgCounter.scala
2022.11.09 19:53:23 WARN  no build target for: /home/axel/chipyard/generators/monitoring/src/main/scala/MsgCounter.scala
2022.11.09 19:53:22 WARN  no build target for: /home/axel/chipyard/generators/monitoring/src/main/scala/MsgCounter.scala
2022.11.09 19:53:23 WARN  no build target for: /home/axel/chipyard/generators/monitoring/src/main/scala/MsgCounter.scala
2022.11.09 19:53:23 WARN  no build target for: /home/axel/chipyard/generators/monitoring/src/main/scala/MsgCounter.scala
2022.11.09 19:53:23 WARN  no build target for: /home/axel/chipyard/generators/monitoring/src/main/scala/MsgCounter.scala
2022.11.09 19:53:23 WARN  no build target for: /home/axel/chipyard/generators/monitoring/src/main/scala/MsgCounter.scala
2022.11.09 19:53:23 WARN  no build target for: /home/axel/chipyard/generators/monitoring/src/main/scala/MsgCounter.scala
2022.11.09 19:53:23 WARN  no build target for: /home/axel/chipyard/generators/monitoring/src/main/scala/MsgCounter.scala
2022.11.09 19:53:23 WARN  no build target for: /home/axel/chipyard/generators/monitoring/src/main/scala/MsgCounter.scala
2022.11.09 19:53:24 WARN  no build target for: /home/axel/chipyard/generators/monitoring/src/main/scala/MsgCounter.scala
2022.11.09 19:53:24 WARN  no build target for: /home/axel/chipyard/generators/monitoring/src/main/scala/MsgCounter.scala
2022.11.09 19:53:25 WARN  no build target for: /home/axel/chipyard/generators/monitoring/src/main/scala/MsgCounter.scala
2022.11.09 19:53:25 WARN  no build target for: /home/axel/chipyard/generators/monitoring/src/main/scala/MsgCounter.scala
2022.11.09 19:53:28 WARN  no build target for: /home/axel/chipyard/generators/monitoring/src/main/scala/MsgCounter.scala
2022.11.09 19:53:28 WARN  no build target for: /home/axel/chipyard/generators/monitoring/src/main/scala/MsgCounter.scala
2022.11.09 19:53:29 WARN  no build target for: /home/axel/chipyard/generators/monitoring/src/main/scala/MsgCounter.scala
2022.11.09 19:53:31 WARN  no build target for: /home/axel/chipyard/generators/monitoring/src/main/scala/MsgCounter.scala
2022.11.09 19:53:32 WARN  no build target for: /home/axel/chipyard/generators/monitoring/src/main/scala/MsgCounter.scala
2022.11.09 19:53:40 WARN  no build target for: /home/axel/chipyard/generators/monitoring/src/main/scala/MsgCounter.scala
2022.11.09 19:53:46 WARN  no build target for: /home/axel/chipyard/generators/monitoring/src/main/scala/MsgCounter.scala
2022.11.09 20:43:19 INFO  shutting down Metals
2022.11.10 10:22:47 INFO  tracing is disabled for protocol LSP, to enable tracing of incoming and outgoing JSON messages create an empty file at /home/axel/riscv-tests/.metals/lsp.trace.json or /home/axel/.cache/metals/lsp.trace.json
2022.11.10 10:22:48 INFO  logging to file /home/axel/riscv-tests/.metals/metals.log
2022.11.10 10:22:48 INFO  Started: Metals version 0.11.9 in workspace '/home/axel/riscv-tests' for client Visual Studio Code 1.73.1.
2022.11.10 10:22:48 INFO  time: initialize in 0.72s
2022.11.10 10:22:50 WARN  Build server is not auto-connectable.
2022.11.10 10:22:50 WARN  no build tool detected in workspace '/home/axel/riscv-tests'. The most common cause for this problem is that the editor was opened in the wrong working directory, for example if you use sbt then the workspace directory should contain build.sbt. 
2022.11.10 10:22:50 WARN  no build target for: /home/axel/chipyard/generators/monitoring/src/main/scala/LinkMonitor.scala
2022.11.10 10:22:53 INFO  no build target found for /home/axel/chipyard/generators/monitoring/src/main/scala/LinkMonitor.scala. Using presentation compiler with project's scala-library version: 3.2.0
2022.11.10 10:22:54 INFO  time: code lens generation in 3.58s
2022.11.10 10:23:31 INFO  shutting down Metals
2022.11.10 10:24:16 INFO  tracing is disabled for protocol LSP, to enable tracing of incoming and outgoing JSON messages create an empty file at /home/axel/riscv-tests/.metals/lsp.trace.json or /home/axel/.cache/metals/lsp.trace.json
2022.11.10 10:24:17 INFO  logging to file /home/axel/riscv-tests/.metals/metals.log
2022.11.10 10:24:17 INFO  Started: Metals version 0.11.9 in workspace '/home/axel/riscv-tests' for client Visual Studio Code 1.73.1.
2022.11.10 10:24:18 INFO  time: initialize in 1.01s
2022.11.10 10:24:19 WARN  Build server is not auto-connectable.
2022.11.10 10:24:19 WARN  no build tool detected in workspace '/home/axel/riscv-tests'. The most common cause for this problem is that the editor was opened in the wrong working directory, for example if you use sbt then the workspace directory should contain build.sbt. 
2022.11.10 10:24:19 WARN  no build target for: /home/axel/chipyard/generators/monitoring/src/main/scala/LinkMonitor.scala
2022.11.10 10:24:22 INFO  no build target found for /home/axel/chipyard/generators/monitoring/src/main/scala/LinkMonitor.scala. Using presentation compiler with project's scala-library version: 3.2.0
2022.11.10 10:24:23 INFO  time: code lens generation in 3.13s
Nov 10, 2022 10:24:34 AM org.eclipse.lsp4j.jsonrpc.RemoteEndpoint handleCancellation
WARNING: Unmatched cancel notification for request id 4
2022.11.10 10:30:49 WARN  no build target for: /home/axel/chipyard/generators/monitoring/src/main/scala/MsgLogger.scala
2022.11.10 16:03:26 INFO  shutting down Metals
2022.11.10 16:40:49 INFO  tracing is disabled for protocol LSP, to enable tracing of incoming and outgoing JSON messages create an empty file at /home/axel/riscv-tests/.metals/lsp.trace.json or /home/axel/.cache/metals/lsp.trace.json
2022.11.10 16:40:50 INFO  logging to file /home/axel/riscv-tests/.metals/metals.log
2022.11.10 16:40:50 INFO  Started: Metals version 0.11.9 in workspace '/home/axel/riscv-tests' for client Visual Studio Code 1.73.1.
2022.11.10 16:40:51 INFO  time: initialize in 0.89s
2022.11.10 16:40:52 WARN  Build server is not auto-connectable.
2022.11.10 16:40:52 WARN  no build tool detected in workspace '/home/axel/riscv-tests'. The most common cause for this problem is that the editor was opened in the wrong working directory, for example if you use sbt then the workspace directory should contain build.sbt. 
2022.11.10 16:40:52 WARN  no build target for: /home/axel/chipyard/generators/monitoring/src/main/scala/MsgCounter.scala
2022.11.10 16:40:54 INFO  no build target found for /home/axel/chipyard/generators/monitoring/src/main/scala/MsgCounter.scala. Using presentation compiler with project's scala-library version: 3.2.0
2022.11.10 16:40:55 INFO  time: code lens generation in 3.36s
2022.11.10 16:40:58 WARN  no build target for: /home/axel/chipyard/generators/monitoring/src/main/scala/MsgLogger.scala
2022.11.10 17:18:26 INFO  shutting down Metals
2022.11.10 19:35:54 INFO  tracing is disabled for protocol LSP, to enable tracing of incoming and outgoing JSON messages create an empty file at /home/axel/riscv-tests/.metals/lsp.trace.json or /home/axel/.cache/metals/lsp.trace.json
2022.11.10 19:35:54 INFO  logging to file /home/axel/riscv-tests/.metals/metals.log
2022.11.10 19:35:54 INFO  Started: Metals version 0.11.9 in workspace '/home/axel/riscv-tests' for client Visual Studio Code 1.73.1.
2022.11.10 19:35:55 INFO  time: initialize in 0.95s
2022.11.10 19:35:56 WARN  Build server is not auto-connectable.
2022.11.10 19:35:56 WARN  no build tool detected in workspace '/home/axel/riscv-tests'. The most common cause for this problem is that the editor was opened in the wrong working directory, for example if you use sbt then the workspace directory should contain build.sbt. 
2022.11.10 19:35:56 WARN  no build target for: /home/axel/chipyard/generators/monitoring/src/main/scala/MsgCounter.scala
2022.11.10 19:35:59 INFO  no build target found for /home/axel/chipyard/generators/monitoring/src/main/scala/MsgCounter.scala. Using presentation compiler with project's scala-library version: 3.2.0
2022.11.10 19:36:14 WARN  no build target for: /home/axel/chipyard/generators/monitoring/src/main/scala/MsgCounter.scala
Exception in thread "pool-3-thread-1" java.lang.InterruptedException
	at scala.meta.internal.metals.FutureCancelToken.checkCanceled(FutureCancelToken.scala:29)
	at scala.meta.internal.pc.CompilerAccess.onCompilerJobQueue$$anonfun$1(CompilerAccess.scala:195)
	at scala.meta.internal.pc.CompilerJobQueue$Job.run(CompilerJobQueue.scala:152)
	at java.base/java.util.concurrent.ThreadPoolExecutor.runWorker(ThreadPoolExecutor.java:1136)
	at java.base/java.util.concurrent.ThreadPoolExecutor$Worker.run(ThreadPoolExecutor.java:635)
	at java.base/java.lang.Thread.run(Thread.java:833)
2022.11.10 20:09:37 INFO  shutting down Metals
2022.11.11 09:55:50 INFO  tracing is disabled for protocol LSP, to enable tracing of incoming and outgoing JSON messages create an empty file at /home/axel/riscv-tests/.metals/lsp.trace.json or /home/axel/.cache/metals/lsp.trace.json
2022.11.11 09:55:50 INFO  logging to file /home/axel/riscv-tests/.metals/metals.log
2022.11.11 09:55:50 INFO  Started: Metals version 0.11.9 in workspace '/home/axel/riscv-tests' for client Visual Studio Code 1.73.1.
2022.11.11 09:55:51 INFO  time: initialize in 0.9s
2022.11.11 09:55:52 WARN  Build server is not auto-connectable.
2022.11.11 09:55:52 WARN  no build tool detected in workspace '/home/axel/riscv-tests'. The most common cause for this problem is that the editor was opened in the wrong working directory, for example if you use sbt then the workspace directory should contain build.sbt. 
2022.11.11 09:55:52 WARN  no build target for: /home/axel/chipyard/generators/monitoring/src/main/scala/MsgCounter.scala
2022.11.11 09:55:52 WARN  no build target for: /home/axel/chipyard/generators/monitoring/src/main/scala/MsgLogger.scala
2022.11.11 09:55:55 INFO  no build target found for /home/axel/chipyard/generators/monitoring/src/main/scala/MsgLogger.scala. Using presentation compiler with project's scala-library version: 3.2.0
2022.11.11 09:55:57 INFO  time: code lens generation in 4.23s
2022.11.11 10:01:44 WARN  no build target for: /home/axel/chipyard/generators/monitoring/src/main/scala/LinkMonitor.scala
2022.11.11 10:01:45 WARN  no build target for: /home/axel/chipyard/generators/customtop/src/main/scala/Configs.scala
2022.11.11 10:01:59 WARN  no build target for: /home/axel/chipyard/generators/customtop/src/main/scala/Configs.scala
2022.11.11 13:11:20 WARN  no build target for: /home/axel/chipyard/generators/monitoring/src/main/scala/MsgCounter.scala
2022.11.11 18:00:33 INFO  shutting down Metals
2022.11.13 18:38:00 INFO  tracing is disabled for protocol LSP, to enable tracing of incoming and outgoing JSON messages create an empty file at /home/axel/riscv-tests/.metals/lsp.trace.json or /home/axel/.cache/metals/lsp.trace.json
2022.11.13 18:38:00 INFO  logging to file /home/axel/riscv-tests/.metals/metals.log
2022.11.13 18:38:00 INFO  Started: Metals version 0.11.9 in workspace '/home/axel/riscv-tests' for client Visual Studio Code 1.73.1.
2022.11.13 18:38:01 INFO  time: initialize in 0.9s
2022.11.13 18:38:02 WARN  Build server is not auto-connectable.
2022.11.13 18:38:02 WARN  no build tool detected in workspace '/home/axel/riscv-tests'. The most common cause for this problem is that the editor was opened in the wrong working directory, for example if you use sbt then the workspace directory should contain build.sbt. 
2022.11.13 18:38:02 WARN  no build target for: /home/axel/chipyard/generators/monitoring/src/main/scala/MsgLogger.scala
2022.11.13 18:38:05 INFO  no build target found for /home/axel/chipyard/generators/monitoring/src/main/scala/MsgLogger.scala. Using presentation compiler with project's scala-library version: 3.2.0
2022.11.13 18:38:06 INFO  time: code lens generation in 3.47s
2022.11.13 19:11:19 WARN  no build target for: /home/axel/chipyard/generators/monitoring/src/main/scala/MsgCounter.scala
Nov 13, 2022 7:47:38 PM org.eclipse.lsp4j.jsonrpc.services.GenericEndpoint notify
INFO: Unsupported notification method: $/setTrace
2022.11.13 19:47:46 WARN  no build target for: /home/axel/chipyard/generators/monitoring/src/main/scala/MsgCounter.scala
2022.11.14 14:46:49 INFO  shutting down Metals
2022.11.14 19:51:12 INFO  tracing is disabled for protocol LSP, to enable tracing of incoming and outgoing JSON messages create an empty file at /home/axel/riscv-tests/.metals/lsp.trace.json or /home/axel/.cache/metals/lsp.trace.json
2022.11.14 19:51:12 INFO  logging to file /home/axel/riscv-tests/.metals/metals.log
2022.11.14 19:51:12 INFO  Started: Metals version 0.11.9 in workspace '/home/axel/riscv-tests' for client Visual Studio Code 1.73.1.
2022.11.14 19:51:13 INFO  time: initialize in 0.92s
2022.11.14 19:51:14 WARN  Build server is not auto-connectable.
2022.11.14 19:51:14 WARN  no build tool detected in workspace '/home/axel/riscv-tests'. The most common cause for this problem is that the editor was opened in the wrong working directory, for example if you use sbt then the workspace directory should contain build.sbt. 
2022.11.14 19:51:14 WARN  no build target for: /home/axel/chipyard/generators/customtop/src/main/scala/Configs.scala
Nov 14, 2022 7:51:15 PM org.eclipse.lsp4j.jsonrpc.RemoteEndpoint handleCancellation
WARNING: Unmatched cancel notification for request id 1
2022.11.14 19:51:17 INFO  no build target found for /home/axel/chipyard/generators/customtop/src/main/scala/Configs.scala. Using presentation compiler with project's scala-library version: 3.2.0
2022.11.14 19:51:17 WARN  no build target for: /home/axel/chipyard/generators/monitoring/src/main/scala/LinkMonitor.scala
2022.11.14 19:51:18 INFO  time: code lens generation in 3.69s
2022.11.14 19:51:18 INFO  time: code lens generation in 1.12s
2022.11.14 19:53:26 WARN  no build target for: /home/axel/chipyard/generators/monitoring/src/main/scala/MsgCounter.scala
2022.11.14 19:54:17 WARN  no build target for: /home/axel/chipyard/generators/monitoring/src/main/scala/MsgLogger.scala
2022.11.15 00:04:32 INFO  shutting down Metals
2022.11.15 11:10:13 INFO  tracing is disabled for protocol LSP, to enable tracing of incoming and outgoing JSON messages create an empty file at /home/axel/riscv-tests/.metals/lsp.trace.json or /home/axel/.cache/metals/lsp.trace.json
2022.11.15 11:10:13 INFO  logging to file /home/axel/riscv-tests/.metals/metals.log
2022.11.15 11:10:13 INFO  Started: Metals version 0.11.9 in workspace '/home/axel/riscv-tests' for client Visual Studio Code 1.73.1.
2022.11.15 11:10:14 INFO  time: initialize in 0.79s
2022.11.15 11:10:15 WARN  Build server is not auto-connectable.
2022.11.15 11:10:15 WARN  no build tool detected in workspace '/home/axel/riscv-tests'. The most common cause for this problem is that the editor was opened in the wrong working directory, for example if you use sbt then the workspace directory should contain build.sbt. 
2022.11.15 11:10:15 WARN  no build target for: /home/axel/chipyard/generators/monitoring/src/main/scala/MsgLogger.scala
2022.11.15 11:10:15 WARN  no build target for: /home/axel/chipyard/generators/monitoring/src/main/scala/LinkMonitor.scala
2022.11.15 11:10:15 WARN  no build target for: /home/axel/chipyard/generators/monitoring/src/main/scala/MsgCounter.scala
2022.11.15 11:10:17 INFO  no build target found for /home/axel/chipyard/generators/monitoring/src/main/scala/MsgLogger.scala. Using presentation compiler with project's scala-library version: 3.2.0
2022.11.15 11:10:19 INFO  time: code lens generation in 2.79s
Nov 15, 2022 1:04:53 PM org.eclipse.lsp4j.jsonrpc.services.GenericEndpoint notify
INFO: Unsupported notification method: $/setTrace
Nov 15, 2022 1:04:56 PM org.eclipse.lsp4j.jsonrpc.services.GenericEndpoint notify
INFO: Unsupported notification method: $/setTrace
Nov 15, 2022 1:04:59 PM org.eclipse.lsp4j.jsonrpc.services.GenericEndpoint notify
INFO: Unsupported notification method: $/setTrace
Nov 15, 2022 1:05:00 PM org.eclipse.lsp4j.jsonrpc.services.GenericEndpoint notify
INFO: Unsupported notification method: $/setTrace
2022.11.15 13:05:05 WARN  no build target for: /home/axel/chipyard/generators/monitoring/src/main/scala/MsgCounter.scala
2022.11.15 13:05:06 WARN  no build target for: /home/axel/chipyard/generators/monitoring/src/main/scala/MsgCounter.scala
Nov 15, 2022 1:05:10 PM org.eclipse.lsp4j.jsonrpc.RemoteEndpoint handleCancellation
WARNING: Unmatched cancel notification for request id 50
2022.11.15 13:05:13 WARN  no build target for: /home/axel/chipyard/generators/monitoring/src/main/scala/MsgCounter.scala
2022.11.15 13:05:15 WARN  no build target for: /home/axel/chipyard/generators/monitoring/src/main/scala/MsgCounter.scala
2022.11.15 13:05:16 WARN  no build target for: /home/axel/chipyard/generators/monitoring/src/main/scala/MsgCounter.scala
2022.11.15 13:05:16 WARN  no build target for: /home/axel/chipyard/generators/monitoring/src/main/scala/MsgCounter.scala
2022.11.15 13:05:15 WARN  no build target for: /home/axel/chipyard/generators/monitoring/src/main/scala/MsgCounter.scala
2022.11.15 13:05:17 WARN  no build target for: /home/axel/chipyard/generators/monitoring/src/main/scala/MsgCounter.scala
2022.11.15 13:05:19 WARN  no build target for: /home/axel/chipyard/generators/monitoring/src/main/scala/MsgCounter.scala
2022.11.15 13:05:19 WARN  no build target for: /home/axel/chipyard/generators/monitoring/src/main/scala/MsgCounter.scala
2022.11.15 13:05:19 WARN  no build target for: /home/axel/chipyard/generators/monitoring/src/main/scala/MsgCounter.scala
2022.11.15 13:05:21 WARN  no build target for: /home/axel/chipyard/generators/monitoring/src/main/scala/MsgCounter.scala
2022.11.15 13:05:22 WARN  no build target for: /home/axel/chipyard/generators/monitoring/src/main/scala/MsgCounter.scala
2022.11.15 13:05:36 WARN  no build target for: /home/axel/chipyard/generators/monitoring/src/main/scala/MsgCounter.scala
2022.11.15 13:05:37 WARN  no build target for: /home/axel/chipyard/generators/monitoring/src/main/scala/MsgCounter.scala
2022.11.15 13:05:59 WARN  no build target for: /home/axel/chipyard/generators/monitoring/src/main/scala/MsgCounter.scala
Nov 15, 2022 1:32:10 PM org.eclipse.lsp4j.jsonrpc.RemoteEndpoint handleCancellation
WARNING: Unmatched cancel notification for request id 207
2022.11.15 22:18:09 INFO  shutting down Metals
2022.11.16 10:39:51 INFO  tracing is disabled for protocol LSP, to enable tracing of incoming and outgoing JSON messages create an empty file at /home/axel/riscv-tests/.metals/lsp.trace.json or /home/axel/.cache/metals/lsp.trace.json
2022.11.16 10:39:51 INFO  logging to file /home/axel/riscv-tests/.metals/metals.log
2022.11.16 10:39:51 INFO  Started: Metals version 0.11.9 in workspace '/home/axel/riscv-tests' for client Visual Studio Code 1.73.1.
2022.11.16 10:39:52 INFO  time: initialize in 0.82s
2022.11.16 10:39:54 WARN  Build server is not auto-connectable.
2022.11.16 10:39:54 WARN  no build tool detected in workspace '/home/axel/riscv-tests'. The most common cause for this problem is that the editor was opened in the wrong working directory, for example if you use sbt then the workspace directory should contain build.sbt. 
2022.11.16 10:39:54 WARN  no build target for: /home/axel/chipyard/generators/monitoring/src/main/scala/MsgLogger.scala
2022.11.16 10:39:58 INFO  no build target found for /home/axel/chipyard/generators/monitoring/src/main/scala/MsgLogger.scala. Using presentation compiler with project's scala-library version: 3.2.0
2022.11.16 10:39:59 INFO  time: code lens generation in 3.77s
Nov 16, 2022 10:59:14 AM org.eclipse.lsp4j.jsonrpc.services.GenericEndpoint notify
INFO: Unsupported notification method: $/setTrace
Nov 16, 2022 11:03:17 AM org.eclipse.lsp4j.jsonrpc.services.GenericEndpoint notify
INFO: Unsupported notification method: $/setTrace
2022.11.16 16:59:58 WARN  no build target for: /home/axel/chipyard/generators/monitoring/src/main/scala/LinkMonitor.scala
2022.11.16 18:49:03 INFO  shutting down Metals
